[ 2016-12-04T22:51:51+08:00 ] ::1 /thinkbbs/index.php/HomeUser/reg
INFO: [ app_init ] --START--
INFO: Run Behavior\BuildLiteBehavior [ RunTime:0.000000s ]
INFO: [ app_init ] --END-- [ RunTime:0.001000s ]
ERR: 无法加载模块:HomeUser

[ 2016-12-04T22:52:27+08:00 ] ::1 /thinkbbs/index.php/HomeUser/reg
INFO: [ app_init ] --START--
INFO: Run Behavior\BuildLiteBehavior [ RunTime:0.000000s ]
INFO: [ app_init ] --END-- [ RunTime:0.001001s ]
ERR: 无法加载模块:HomeUser

[ 2016-12-04T22:52:29+08:00 ] ::1 /thinkbbs/index.php/HomeUser/reg
INFO: [ app_init ] --START--
INFO: Run Behavior\BuildLiteBehavior [ RunTime:0.000000s ]
INFO: [ app_init ] --END-- [ RunTime:0.000000s ]
ERR: 无法加载模块:HomeUser

[ 2016-12-04T22:52:32+08:00 ] ::1 /thinkbbs/index.php/HomeUser/reg
INFO: [ app_init ] --START--
INFO: Run Behavior\BuildLiteBehavior [ RunTime:0.000000s ]
INFO: [ app_init ] --END-- [ RunTime:0.001000s ]
ERR: 无法加载模块:HomeUser

