[ 2016-11-27T12:40:32+08:00 ] ::1 /thinkbbs/Home/Board/xinpost
INFO: [ app_init ] --START--
INFO: Run Behavior\BuildLiteBehavior [ RunTime:0.001000s ]
INFO: [ app_init ] --END-- [ RunTime:0.058004s ]
INFO: [ app_begin ] --START--
INFO: Run Behavior\ReadHtmlCacheBehavior [ RunTime:0.048003s ]
INFO: [ app_begin ] --END-- [ RunTime:0.050003s ]
SQL: SHOW COLUMNS FROM `post` [ RunTime:0.1260s ]
SQL: INSERT INTO `post` (`board`,`text`,`author`) VALUES ('1','今天是国庆节，大家都放假在家！','xin@163.com'),('1','今天是国庆节，大家都放假在家！','xin@163.com'),('1','今天是国庆节，大家都放假在家！','xin@163.com'),('1','今天是国庆节，大家都放假在家！','xin@163.com'),('1','今天是国庆节，大家都放假在家！','xin@163.com'),('1','今天是国庆节，大家都放假在家！','xin@163.com'),('1','今天是国庆节，大家都放假在家！','xin@163.com'),('1','今天是国庆节，大家都放假在家！','xin@163.com'),('1','今天是国庆节，大家都放假在家！','xin@163.com') [ RunTime:0.0610s ]
INFO: [ app_end ] --START--
INFO: Run Behavior\ShowPageTraceBehavior [ RunTime:0.025001s ]
INFO: [ app_end ] --END-- [ RunTime:0.027001s ]

[ 2016-11-27T12:40:37+08:00 ] ::1 /thinkbbs/Home/Board/xinpost
INFO: [ app_init ] --START--
INFO: Run Behavior\BuildLiteBehavior [ RunTime:0.000000s ]
INFO: [ app_init ] --END-- [ RunTime:0.036200s ]
INFO: [ app_begin ] --START--
INFO: Run Behavior\ReadHtmlCacheBehavior [ RunTime:0.015600s ]
INFO: [ app_begin ] --END-- [ RunTime:0.015600s ]
SQL: SHOW COLUMNS FROM `post` [ RunTime:0.0000s ]
SQL: INSERT INTO `post` (`board`,`text`,`author`) VALUES ('1','今天是国庆节，大家都放假在家！','xin@163.com'),('1','今天是国庆节，大家都放假在家！','xin@163.com'),('1','今天是国庆节，大家都放假在家！','xin@163.com'),('1','今天是国庆节，大家都放假在家！','xin@163.com'),('1','今天是国庆节，大家都放假在家！','xin@163.com'),('1','今天是国庆节，大家都放假在家！','xin@163.com'),('1','今天是国庆节，大家都放假在家！','xin@163.com'),('1','今天是国庆节，大家都放假在家！','xin@163.com'),('1','今天是国庆节，大家都放假在家！','xin@163.com') [ RunTime:0.0000s ]
INFO: [ app_end ] --START--
INFO: Run Behavior\ShowPageTraceBehavior [ RunTime:0.000000s ]
INFO: [ app_end ] --END-- [ RunTime:0.000000s ]

[ 2016-11-27T12:40:38+08:00 ] ::1 /thinkbbs/Home/Board/xinpost
INFO: [ app_init ] --START--
INFO: Run Behavior\BuildLiteBehavior [ RunTime:0.000000s ]
INFO: [ app_init ] --END-- [ RunTime:0.001000s ]
INFO: [ app_begin ] --START--
INFO: Run Behavior\ReadHtmlCacheBehavior [ RunTime:0.001000s ]
INFO: [ app_begin ] --END-- [ RunTime:0.001000s ]
SQL: SHOW COLUMNS FROM `post` [ RunTime:0.0040s ]
SQL: INSERT INTO `post` (`board`,`text`,`author`) VALUES ('1','今天是国庆节，大家都放假在家！','xin@163.com'),('1','今天是国庆节，大家都放假在家！','xin@163.com'),('1','今天是国庆节，大家都放假在家！','xin@163.com'),('1','今天是国庆节，大家都放假在家！','xin@163.com'),('1','今天是国庆节，大家都放假在家！','xin@163.com'),('1','今天是国庆节，大家都放假在家！','xin@163.com'),('1','今天是国庆节，大家都放假在家！','xin@163.com'),('1','今天是国庆节，大家都放假在家！','xin@163.com'),('1','今天是国庆节，大家都放假在家！','xin@163.com') [ RunTime:0.0030s ]
INFO: [ app_end ] --START--
INFO: Run Behavior\ShowPageTraceBehavior [ RunTime:0.001001s ]
INFO: [ app_end ] --END-- [ RunTime:0.001001s ]

[ 2016-11-27T12:40:39+08:00 ] ::1 /thinkbbs/Home/Board/xinpost
INFO: [ app_init ] --START--
INFO: Run Behavior\BuildLiteBehavior [ RunTime:0.000000s ]
INFO: [ app_init ] --END-- [ RunTime:0.000000s ]
INFO: [ app_begin ] --START--
INFO: Run Behavior\ReadHtmlCacheBehavior [ RunTime:0.000000s ]
INFO: [ app_begin ] --END-- [ RunTime:0.000000s ]
SQL: SHOW COLUMNS FROM `post` [ RunTime:0.0060s ]
SQL: INSERT INTO `post` (`board`,`text`,`author`) VALUES ('1','今天是国庆节，大家都放假在家！','xin@163.com'),('1','今天是国庆节，大家都放假在家！','xin@163.com'),('1','今天是国庆节，大家都放假在家！','xin@163.com'),('1','今天是国庆节，大家都放假在家！','xin@163.com'),('1','今天是国庆节，大家都放假在家！','xin@163.com'),('1','今天是国庆节，大家都放假在家！','xin@163.com'),('1','今天是国庆节，大家都放假在家！','xin@163.com'),('1','今天是国庆节，大家都放假在家！','xin@163.com'),('1','今天是国庆节，大家都放假在家！','xin@163.com') [ RunTime:0.0020s ]
INFO: [ app_end ] --START--
INFO: Run Behavior\ShowPageTraceBehavior [ RunTime:0.001000s ]
INFO: [ app_end ] --END-- [ RunTime:0.001000s ]

[ 2016-11-27T15:12:06+08:00 ] ::1 /thinkbbs/Home/Board/xinpost
INFO: [ app_init ] --START--
INFO: Run Behavior\BuildLiteBehavior [ RunTime:0.000000s ]
INFO: [ app_init ] --END-- [ RunTime:0.002000s ]
INFO: [ app_begin ] --START--
INFO: Run Behavior\ReadHtmlCacheBehavior [ RunTime:0.002000s ]
INFO: [ app_begin ] --END-- [ RunTime:0.002000s ]
ERR: 非法操作:xinpost

[ 2016-11-27T15:12:15+08:00 ] ::1 /thinkbbs/Home/Board/detail
INFO: [ app_init ] --START--
INFO: Run Behavior\BuildLiteBehavior [ RunTime:0.000000s ]
INFO: [ app_init ] --END-- [ RunTime:0.001000s ]
INFO: [ app_begin ] --START--
INFO: Run Behavior\ReadHtmlCacheBehavior [ RunTime:0.001000s ]
INFO: [ app_begin ] --END-- [ RunTime:0.001000s ]
ERR: 参数错误或者未定义:id

[ 2016-11-27T15:13:53+08:00 ] ::1 /thinkbbs/Home/Board/detail
INFO: [ app_init ] --START--
INFO: Run Behavior\BuildLiteBehavior [ RunTime:0.000000s ]
INFO: [ app_init ] --END-- [ RunTime:0.001000s ]
INFO: [ app_begin ] --START--
INFO: Run Behavior\ReadHtmlCacheBehavior [ RunTime:0.001000s ]
INFO: [ app_begin ] --END-- [ RunTime:0.001000s ]
ERR: 参数错误或者未定义:id

[ 2016-11-27T15:14:15+08:00 ] ::1 /thinkbbs/Home/Board/detail/id/1
INFO: [ app_init ] --START--
INFO: Run Behavior\BuildLiteBehavior [ RunTime:0.000000s ]
INFO: [ app_init ] --END-- [ RunTime:0.001000s ]
INFO: [ app_begin ] --START--
INFO: Run Behavior\ReadHtmlCacheBehavior [ RunTime:0.001000s ]
INFO: [ app_begin ] --END-- [ RunTime:0.001000s ]
SQL: SHOW COLUMNS FROM `board` [ RunTime:0.0610s ]
SQL: SELECT * FROM `board` WHERE ( id=1 )  [ RunTime:0.0390s ]
SQL: SHOW COLUMNS FROM `post` [ RunTime:0.0180s ]
SQL: SELECT * FROM `post` WHERE ( board=1 )  [ RunTime:0.0010s ]
INFO: [ view_parse ] --START--
INFO: [ template_filter ] --START--
INFO: Run Behavior\ContentReplaceBehavior [ RunTime:0.021001s ]
INFO: [ template_filter ] --END-- [ RunTime:0.021001s ]
INFO: Run Behavior\ParseTemplateBehavior [ RunTime:0.159009s ]
INFO: [ view_parse ] --END-- [ RunTime:0.160009s ]
INFO: [ view_filter ] --START--
INFO: Run Behavior\WriteHtmlCacheBehavior [ RunTime:0.016001s ]
INFO: [ view_filter ] --END-- [ RunTime:0.018001s ]
INFO: [ app_end ] --START--
INFO: Run Behavior\ShowPageTraceBehavior [ RunTime:0.002000s ]
INFO: [ app_end ] --END-- [ RunTime:0.002000s ]

[ 2016-11-27T19:39:19+08:00 ] ::1 /thinkbbs/Home/Board/detail
INFO: [ app_init ] --START--
INFO: Run Behavior\BuildLiteBehavior [ RunTime:0.000000s ]
INFO: [ app_init ] --END-- [ RunTime:0.002000s ]
INFO: [ app_begin ] --START--
INFO: Run Behavior\ReadHtmlCacheBehavior [ RunTime:0.001001s ]
INFO: [ app_begin ] --END-- [ RunTime:0.002001s ]
ERR: 参数错误或者未定义:id

