[ 2016-11-23T21:57:23+08:00 ] ::1 /thinkbbs/Home/Board/xinadd
INFO: [ app_init ] --START--
INFO: Run Behavior\BuildLiteBehavior [ RunTime:0.000000s ]
INFO: [ app_init ] --END-- [ RunTime:0.029001s ]
INFO: [ app_begin ] --START--
INFO: Run Behavior\ReadHtmlCacheBehavior [ RunTime:0.009001s ]
INFO: [ app_begin ] --END-- [ RunTime:0.009001s ]
SQL: SHOW COLUMNS FROM `board` [ RunTime:0.0390s ]
SQL: INSERT INTO `board` (`name`) VALUES ('PHP'),('Java'),('Python'),('HTML'),('C'),('C++'),('Perl'),('Ruby') [ RunTime:0.0880s ]
INFO: [ app_end ] --START--
INFO: Run Behavior\ShowPageTraceBehavior [ RunTime:0.027002s ]
INFO: [ app_end ] --END-- [ RunTime:0.027002s ]

[ 2016-11-23T22:26:47+08:00 ] ::1 /thinkbbs/Home/Board/index
INFO: [ app_init ] --START--
INFO: Run Behavior\BuildLiteBehavior [ RunTime:0.000000s ]
INFO: [ app_init ] --END-- [ RunTime:0.002000s ]
INFO: [ app_begin ] --START--
INFO: Run Behavior\ReadHtmlCacheBehavior [ RunTime:0.002000s ]
INFO: [ app_begin ] --END-- [ RunTime:0.003000s ]
SQL: SHOW COLUMNS FROM `board` [ RunTime:0.0070s ]
NOTIC: [2] Missing argument 1 for Think\Model::where(), called in C:\wamp\www\thinkbbs\Application\Home\Controller\BoardController.class.php on line 30 and defined C:\wamp\www\thinkbbs\ThinkPHP\Library\Think\Model.class.php 第 1797 行.
NOTIC: [8] Undefined variable: where C:\wamp\www\thinkbbs\ThinkPHP\Library\Think\Model.class.php 第 1805 行.
NOTIC: [8] Undefined variable: where C:\wamp\www\thinkbbs\ThinkPHP\Library\Think\Model.class.php 第 1808 行.
NOTIC: [8] Undefined variable: where C:\wamp\www\thinkbbs\ThinkPHP\Library\Think\Model.class.php 第 1816 行.
SQL: SELECT * FROM `board`  [ RunTime:0.0010s ]
INFO: [ view_parse ] --START--
INFO: [ template_filter ] --START--
INFO: Run Behavior\ContentReplaceBehavior [ RunTime:0.024002s ]
INFO: [ template_filter ] --END-- [ RunTime:0.025002s ]
INFO: Run Behavior\ParseTemplateBehavior [ RunTime:0.153008s ]
INFO: [ view_parse ] --END-- [ RunTime:0.154009s ]
INFO: [ view_filter ] --START--
INFO: Run Behavior\WriteHtmlCacheBehavior [ RunTime:0.015000s ]
INFO: [ view_filter ] --END-- [ RunTime:0.016000s ]
INFO: [ app_end ] --START--
INFO: Run Behavior\ShowPageTraceBehavior [ RunTime:0.003001s ]
INFO: [ app_end ] --END-- [ RunTime:0.005001s ]

[ 2016-11-23T22:26:59+08:00 ] ::1 /thinkbbs/index.php/Home/Board/detail/id/2
INFO: [ app_init ] --START--
INFO: Run Behavior\BuildLiteBehavior [ RunTime:0.000000s ]
INFO: [ app_init ] --END-- [ RunTime:0.000000s ]
INFO: [ app_begin ] --START--
INFO: Run Behavior\ReadHtmlCacheBehavior [ RunTime:0.000000s ]
INFO: [ app_begin ] --END-- [ RunTime:0.000000s ]
ERR: 非法操作:detail

